<?xml version="1.0" encoding="UTF-8" ?>
<testsuite tests="1" failures="0" name="org.yl.ServletTestTest" time="0.052" errors="0" skipped="0">
  <properties>
    <property name="java.runtime.name" value="Java(TM) SE Runtime Environment"/>
    <property name="sun.boot.library.path" value="/Library/Java/JavaVirtualMachines/jdk1.8.0_112.jdk/Contents/Home/jre/lib"/>
    <property name="java.vm.version" value="25.112-b16"/>
    <property name="gopherProxySet" value="false"/>
    <property name="java.vm.vendor" value="Oracle Corporation"/>
    <property name="java.vendor.url" value="http://java.oracle.com/"/>
    <property name="path.separator" value=":"/>
    <property name="java.vm.name" value="Java HotSpot(TM) 64-Bit Server VM"/>
    <property name="file.encoding.pkg" value="sun.io"/>
    <property name="user.country" value="CN"/>
    <property name="sun.java.launcher" value="SUN_STANDARD"/>
    <property name="sun.os.patch.level" value="unknown"/>
    <property name="java.vm.specification.name" value="Java Virtual Machine Specification"/>
    <property name="user.dir" value="/Users/yang/DEV/workspace/mavenTest"/>
    <property name="java.runtime.version" value="1.8.0_112-b16"/>
    <property name="java.awt.graphicsenv" value="sun.awt.CGraphicsEnvironment"/>
    <property name="basedir" value="/Users/yang/DEV/workspace/mavenTest"/>
    <property name="java.endorsed.dirs" value="/Library/Java/JavaVirtualMachines/jdk1.8.0_112.jdk/Contents/Home/jre/lib/endorsed"/>
    <property name="os.arch" value="x86_64"/>
    <property name="surefire.real.class.path" value="/Users/yang/DEV/workspace/mavenTest/target/surefire/surefirebooter925617719950704225.jar"/>
    <property name="java.io.tmpdir" value="/var/folders/y5/xth86b3n4dvc14t15y52lrtc0000gn/T/"/>
    <property name="line.separator" value="
"/>
    <property name="java.vm.specification.vendor" value="Oracle Corporation"/>
    <property name="os.name" value="Mac OS X"/>
    <property name="sun.jnu.encoding" value="UTF-8"/>
    <property name="java.library.path" value="/Users/yang/Library/Java/Extensions:/Library/Java/Extensions:/Network/Library/Java/Extensions:/System/Library/Java/Extensions:/usr/lib/java:."/>
    <property name="surefire.test.class.path" value="/Users/yang/DEV/workspace/mavenTest/target/test-classes:/Users/yang/DEV/workspace/mavenTest/target/classes:/Users/yang/.m2/repository/mysql/mysql-connector-java/5.1.25/mysql-connector-java-5.1.25.jar:/Users/yang/.m2/repository/org/apache/struts/struts2-core/2.3.14/struts2-core-2.3.14.jar:/Users/yang/.m2/repository/org/apache/struts/xwork/xwork-core/2.3.14/xwork-core-2.3.14.jar:/Users/yang/.m2/repository/asm/asm/3.3/asm-3.3.jar:/Users/yang/.m2/repository/asm/asm-commons/3.3/asm-commons-3.3.jar:/Users/yang/.m2/repository/asm/asm-tree/3.3/asm-tree-3.3.jar:/Users/yang/.m2/repository/org/freemarker/freemarker/2.3.19/freemarker-2.3.19.jar:/Users/yang/.m2/repository/ognl/ognl/3.0.6/ognl-3.0.6.jar:/Users/yang/.m2/repository/javassist/javassist/3.11.0.GA/javassist-3.11.0.GA.jar:/Users/yang/.m2/repository/commons-fileupload/commons-fileupload/1.2.2/commons-fileupload-1.2.2.jar:/Users/yang/.m2/repository/commons-io/commons-io/2.0.1/commons-io-2.0.1.jar:/Users/yang/.m2/repository/javax/servlet/javax.servlet-api/3.0.1/javax.servlet-api-3.0.1.jar:/Users/yang/.m2/repository/javax/annotation/javax.annotation-api/1.2/javax.annotation-api-1.2.jar:/Users/yang/.m2/repository/javax/servlet/jsp/jsp-api/2.2/jsp-api-2.2.jar:/Users/yang/.m2/repository/org/apache/struts/struts2-convention-plugin/2.3.14/struts2-convention-plugin-2.3.14.jar:/Users/yang/.m2/repository/org/apache/commons/commons-lang3/3.1/commons-lang3-3.1.jar:/Users/yang/.m2/repository/org/apache/struts/struts2-json-plugin/2.3.14/struts2-json-plugin-2.3.14.jar:/Users/yang/.m2/repository/org/springframework/spring-context/4.3.5.RELEASE/spring-context-4.3.5.RELEASE.jar:/Users/yang/.m2/repository/org/springframework/spring-aop/4.3.5.RELEASE/spring-aop-4.3.5.RELEASE.jar:/Users/yang/.m2/repository/org/springframework/spring-beans/4.3.5.RELEASE/spring-beans-4.3.5.RELEASE.jar:/Users/yang/.m2/repository/org/springframework/spring-core/4.3.5.RELEASE/spring-core-4.3.5.RELEASE.jar:/Users/yang/.m2/repository/commons-logging/commons-logging/1.2/commons-logging-1.2.jar:/Users/yang/.m2/repository/org/springframework/spring-expression/4.3.5.RELEASE/spring-expression-4.3.5.RELEASE.jar:/Users/yang/.m2/repository/org/springframework/spring-tx/4.3.5.RELEASE/spring-tx-4.3.5.RELEASE.jar:/Users/yang/.m2/repository/org/springframework/spring-jdbc/4.3.5.RELEASE/spring-jdbc-4.3.5.RELEASE.jar:/Users/yang/.m2/repository/org/apache/struts/struts2-spring-plugin/2.3.14/struts2-spring-plugin-2.3.14.jar:/Users/yang/.m2/repository/org/springframework/spring-web/3.0.5.RELEASE/spring-web-3.0.5.RELEASE.jar:/Users/yang/.m2/repository/aopalliance/aopalliance/1.0/aopalliance-1.0.jar:/Users/yang/.m2/repository/org/mybatis/mybatis/3.4.2/mybatis-3.4.2.jar:/Users/yang/.m2/repository/org/mybatis/mybatis-spring/1.3.0/mybatis-spring-1.3.0.jar:/Users/yang/.m2/repository/org/aspectj/aspectjweaver/1.8.10/aspectjweaver-1.8.10.jar:/Users/yang/.m2/repository/c3p0/c3p0/0.9.1.2/c3p0-0.9.1.2.jar:/Users/yang/.m2/repository/junit/junit/4.7/junit-4.7.jar:/Users/yang/.m2/repository/org/slf4j/slf4j-simple/1.6.1/slf4j-simple-1.6.1.jar:/Users/yang/.m2/repository/org/slf4j/slf4j-api/1.6.1/slf4j-api-1.6.1.jar:/Users/yang/.m2/repository/commons-pool/commons-pool/1.5.6/commons-pool-1.5.6.jar:/Users/yang/.m2/repository/redis/clients/jedis/2.1.0/jedis-2.1.0.jar:"/>
    <property name="java.specification.name" value="Java Platform API Specification"/>
    <property name="java.class.version" value="52.0"/>
    <property name="sun.management.compiler" value="HotSpot 64-Bit Tiered Compilers"/>
    <property name="os.version" value="10.12.2"/>
    <property name="http.nonProxyHosts" value="local|*.local|169.254/16|*.169.254/16"/>
    <property name="user.home" value="/Users/yang"/>
    <property name="user.timezone" value=""/>
    <property name="java.awt.printerjob" value="sun.lwawt.macosx.CPrinterJob"/>
    <property name="java.specification.version" value="1.8"/>
    <property name="file.encoding" value="UTF-8"/>
    <property name="user.name" value="yang"/>
    <property name="java.class.path" value="/Users/yang/DEV/workspace/mavenTest/target/test-classes:/Users/yang/DEV/workspace/mavenTest/target/classes:/Users/yang/.m2/repository/mysql/mysql-connector-java/5.1.25/mysql-connector-java-5.1.25.jar:/Users/yang/.m2/repository/org/apache/struts/struts2-core/2.3.14/struts2-core-2.3.14.jar:/Users/yang/.m2/repository/org/apache/struts/xwork/xwork-core/2.3.14/xwork-core-2.3.14.jar:/Users/yang/.m2/repository/asm/asm/3.3/asm-3.3.jar:/Users/yang/.m2/repository/asm/asm-commons/3.3/asm-commons-3.3.jar:/Users/yang/.m2/repository/asm/asm-tree/3.3/asm-tree-3.3.jar:/Users/yang/.m2/repository/org/freemarker/freemarker/2.3.19/freemarker-2.3.19.jar:/Users/yang/.m2/repository/ognl/ognl/3.0.6/ognl-3.0.6.jar:/Users/yang/.m2/repository/javassist/javassist/3.11.0.GA/javassist-3.11.0.GA.jar:/Users/yang/.m2/repository/commons-fileupload/commons-fileupload/1.2.2/commons-fileupload-1.2.2.jar:/Users/yang/.m2/repository/commons-io/commons-io/2.0.1/commons-io-2.0.1.jar:/Users/yang/.m2/repository/javax/servlet/javax.servlet-api/3.0.1/javax.servlet-api-3.0.1.jar:/Users/yang/.m2/repository/javax/annotation/javax.annotation-api/1.2/javax.annotation-api-1.2.jar:/Users/yang/.m2/repository/javax/servlet/jsp/jsp-api/2.2/jsp-api-2.2.jar:/Users/yang/.m2/repository/org/apache/struts/struts2-convention-plugin/2.3.14/struts2-convention-plugin-2.3.14.jar:/Users/yang/.m2/repository/org/apache/commons/commons-lang3/3.1/commons-lang3-3.1.jar:/Users/yang/.m2/repository/org/apache/struts/struts2-json-plugin/2.3.14/struts2-json-plugin-2.3.14.jar:/Users/yang/.m2/repository/org/springframework/spring-context/4.3.5.RELEASE/spring-context-4.3.5.RELEASE.jar:/Users/yang/.m2/repository/org/springframework/spring-aop/4.3.5.RELEASE/spring-aop-4.3.5.RELEASE.jar:/Users/yang/.m2/repository/org/springframework/spring-beans/4.3.5.RELEASE/spring-beans-4.3.5.RELEASE.jar:/Users/yang/.m2/repository/org/springframework/spring-core/4.3.5.RELEASE/spring-core-4.3.5.RELEASE.jar:/Users/yang/.m2/repository/commons-logging/commons-logging/1.2/commons-logging-1.2.jar:/Users/yang/.m2/repository/org/springframework/spring-expression/4.3.5.RELEASE/spring-expression-4.3.5.RELEASE.jar:/Users/yang/.m2/repository/org/springframework/spring-tx/4.3.5.RELEASE/spring-tx-4.3.5.RELEASE.jar:/Users/yang/.m2/repository/org/springframework/spring-jdbc/4.3.5.RELEASE/spring-jdbc-4.3.5.RELEASE.jar:/Users/yang/.m2/repository/org/apache/struts/struts2-spring-plugin/2.3.14/struts2-spring-plugin-2.3.14.jar:/Users/yang/.m2/repository/org/springframework/spring-web/3.0.5.RELEASE/spring-web-3.0.5.RELEASE.jar:/Users/yang/.m2/repository/aopalliance/aopalliance/1.0/aopalliance-1.0.jar:/Users/yang/.m2/repository/org/mybatis/mybatis/3.4.2/mybatis-3.4.2.jar:/Users/yang/.m2/repository/org/mybatis/mybatis-spring/1.3.0/mybatis-spring-1.3.0.jar:/Users/yang/.m2/repository/org/aspectj/aspectjweaver/1.8.10/aspectjweaver-1.8.10.jar:/Users/yang/.m2/repository/c3p0/c3p0/0.9.1.2/c3p0-0.9.1.2.jar:/Users/yang/.m2/repository/junit/junit/4.7/junit-4.7.jar:/Users/yang/.m2/repository/org/slf4j/slf4j-simple/1.6.1/slf4j-simple-1.6.1.jar:/Users/yang/.m2/repository/org/slf4j/slf4j-api/1.6.1/slf4j-api-1.6.1.jar:/Users/yang/.m2/repository/commons-pool/commons-pool/1.5.6/commons-pool-1.5.6.jar:/Users/yang/.m2/repository/redis/clients/jedis/2.1.0/jedis-2.1.0.jar:"/>
    <property name="java.vm.specification.version" value="1.8"/>
    <property name="sun.arch.data.model" value="64"/>
    <property name="java.home" value="/Library/Java/JavaVirtualMachines/jdk1.8.0_112.jdk/Contents/Home/jre"/>
    <property name="sun.java.command" value="/Users/yang/DEV/workspace/mavenTest/target/surefire/surefirebooter925617719950704225.jar /Users/yang/DEV/workspace/mavenTest/target/surefire/surefire7445321648207896279tmp /Users/yang/DEV/workspace/mavenTest/target/surefire/surefire380292251928642418tmp"/>
    <property name="java.specification.vendor" value="Oracle Corporation"/>
    <property name="user.language" value="zh"/>
    <property name="awt.toolkit" value="sun.lwawt.macosx.LWCToolkit"/>
    <property name="java.vm.info" value="mixed mode"/>
    <property name="java.version" value="1.8.0_112"/>
    <property name="java.ext.dirs" value="/Users/yang/Library/Java/Extensions:/Library/Java/JavaVirtualMachines/jdk1.8.0_112.jdk/Contents/Home/jre/lib/ext:/Library/Java/Extensions:/Network/Library/Java/Extensions:/System/Library/Java/Extensions:/usr/lib/java"/>
    <property name="sun.boot.class.path" value="/Library/Java/JavaVirtualMachines/jdk1.8.0_112.jdk/Contents/Home/jre/lib/resources.jar:/Library/Java/JavaVirtualMachines/jdk1.8.0_112.jdk/Contents/Home/jre/lib/rt.jar:/Library/Java/JavaVirtualMachines/jdk1.8.0_112.jdk/Contents/Home/jre/lib/sunrsasign.jar:/Library/Java/JavaVirtualMachines/jdk1.8.0_112.jdk/Contents/Home/jre/lib/jsse.jar:/Library/Java/JavaVirtualMachines/jdk1.8.0_112.jdk/Contents/Home/jre/lib/jce.jar:/Library/Java/JavaVirtualMachines/jdk1.8.0_112.jdk/Contents/Home/jre/lib/charsets.jar:/Library/Java/JavaVirtualMachines/jdk1.8.0_112.jdk/Contents/Home/jre/lib/jfr.jar:/Library/Java/JavaVirtualMachines/jdk1.8.0_112.jdk/Contents/Home/jre/classes"/>
    <property name="java.vendor" value="Oracle Corporation"/>
    <property name="localRepository" value="/Users/yang/.m2/repository"/>
    <property name="file.separator" value="/"/>
    <property name="java.vendor.url.bug" value="http://bugreport.sun.com/bugreport/"/>
    <property name="sun.cpu.endian" value="little"/>
    <property name="sun.io.unicode.encoding" value="UnicodeBig"/>
    <property name="socksNonProxyHosts" value="local|*.local|169.254/16|*.169.254/16"/>
    <property name="ftp.nonProxyHosts" value="local|*.local|169.254/16|*.169.254/16"/>
    <property name="sun.cpu.isalist" value=""/>
  </properties>
  <testcase classname="org.yl.ServletTestTest" name="test" time="0.002"/>
</testsuite>